{
  "stats": {
    "suites": 1,
    "tests": 9,
    "passes": 9,
    "pending": 0,
    "failures": 0,
    "start": "2024-05-24T17:06:17.980Z",
    "end": "2024-05-24T17:06:37.571Z",
    "duration": 19591,
    "testsRegistered": 9,
    "passPercent": 100,
    "pendingPercent": 0,
    "other": 0,
    "hasOther": false,
    "skipped": 0,
    "hasSkipped": false
  },
  "results": [
    {
      "uuid": "d1b91c1a-f58c-4401-b7e7-d8ba38b65c8e",
      "title": "",
      "fullFile": "cypress/e2e/tests/TodoTask.cy.ts",
      "file": "cypress/e2e/tests/TodoTask.cy.ts",
      "beforeHooks": [],
      "afterHooks": [],
      "tests": [],
      "suites": [
        {
          "uuid": "7c3fc397-1bad-4264-8c7e-6a2461dec1cd",
          "title": "WL - To do Task Regression",
          "fullFile": "",
          "file": "",
          "beforeHooks": [],
          "afterHooks": [],
          "tests": [
            {
              "title": "Validate Newly added tasks default to Active todo task",
              "fullTitle": "WL - To do Task Regression Validate Newly added tasks default to Active todo task",
              "timedOut": null,
              "duration": 2573,
              "state": "passed",
              "speed": "fast",
              "pass": true,
              "fail": false,
              "pending": false,
              "context": null,
              "code": "(0, TodoHomePage_1.addTodoTask)(todoName['first']);\n(0, TodoHomePage_1.addTodoTask)(todoName['second']);\n(0, TodoHomePage_1.addTodoTask)(todoName['third']);\n(0, TodoHomePage_1.clickActiveFilter)();\n(0, TodoHomePage_1.validateTodoTask)(todoName['first']).then(function (result) {\n    expect(result).to.be.true;\n});\n(0, TodoHomePage_1.validateTodoTask)(todoName['second']).then(function (result) {\n    expect(result).to.be.true;\n});\n(0, TodoHomePage_1.validateTodoTask)(todoName['third']).then(function (result) {\n    expect(result).to.be.true;\n});",
              "err": {},
              "uuid": "2219c6ce-73c9-4172-85df-f5daa2a1b0d8",
              "parentUUID": "7c3fc397-1bad-4264-8c7e-6a2461dec1cd",
              "isHook": false,
              "skipped": false
            },
            {
              "title": "Edit a todo task",
              "fullTitle": "WL - To do Task Regression Edit a todo task",
              "timedOut": null,
              "duration": 1948,
              "state": "passed",
              "speed": "fast",
              "pass": true,
              "fail": false,
              "pending": false,
              "context": null,
              "code": "(0, TodoHomePage_1.addTodoTask)(todoName['first']);\n(0, TodoHomePage_1.validateTodoTask)(todoName['first']).then(function (result) {\n    expect(result).to.be.true;\n});\n(0, TodoHomePage_1.editTodoTask)(todoName['first'], editName);\n(0, TodoHomePage_1.validateTodoTask)(editName).then(function (result) {\n    expect(result).to.be.true;\n});",
              "err": {},
              "uuid": "80d875de-190b-44d0-9399-c307eb904b53",
              "parentUUID": "7c3fc397-1bad-4264-8c7e-6a2461dec1cd",
              "isHook": false,
              "skipped": false
            },
            {
              "title": "Mark To do task as completed and validate it",
              "fullTitle": "WL - To do Task Regression Mark To do task as completed and validate it",
              "timedOut": null,
              "duration": 1975,
              "state": "passed",
              "speed": "fast",
              "pass": true,
              "fail": false,
              "pending": false,
              "context": null,
              "code": "(0, TodoHomePage_1.addTodoTask)(todoName['first']);\n(0, TodoHomePage_1.addTodoTask)(todoName['second']);\n(0, TodoHomePage_1.markToDoTaskAsCompleted)(todoName['first']);\n(0, TodoHomePage_1.clickCompletedFilter)();\n(0, TodoHomePage_1.validateTodoTask)(todoName['first']).then(function (result) {\n    expect(result).to.be.true;\n});\n(0, TodoHomePage_1.validateTodoTask)(todoName['second']).then(function (result) {\n    expect(result).to.be.false;\n});",
              "err": {},
              "uuid": "b75af604-d91f-48e8-b17d-568ddbcf8f68",
              "parentUUID": "7c3fc397-1bad-4264-8c7e-6a2461dec1cd",
              "isHook": false,
              "skipped": false
            },
            {
              "title": "Remove To do task",
              "fullTitle": "WL - To do Task Regression Remove To do task",
              "timedOut": null,
              "duration": 1919,
              "state": "passed",
              "speed": "fast",
              "pass": true,
              "fail": false,
              "pending": false,
              "context": null,
              "code": "(0, TodoHomePage_1.addTodoTask)(todoName['first']);\n(0, TodoHomePage_1.addTodoTask)(todoName['second']);\n(0, TodoHomePage_1.validateTodoTask)(todoName['first']).then(function (result) {\n    expect(result).to.be.true;\n});\n(0, TodoHomePage_1.validateTodoTask)(todoName['second']).then(function (result) {\n    expect(result).to.be.true;\n});\n(0, TodoHomePage_1.removeTodoTask)(todoName['first']);\n// removeTodoTask(todoName['second']);\n(0, TodoHomePage_1.validateTodoTask)(todoName['first']).then(function (result) {\n    expect(result).to.be.false;\n});\n(0, TodoHomePage_1.validateTodoTask)(todoName['second']).then(function (result) {\n    expect(result).to.be.true;\n});",
              "err": {},
              "uuid": "067aa119-b41b-48b3-ad13-2b845e54c63e",
              "parentUUID": "7c3fc397-1bad-4264-8c7e-6a2461dec1cd",
              "isHook": false,
              "skipped": false
            },
            {
              "title": "To do with same names should be allowed to create",
              "fullTitle": "WL - To do Task Regression To do with same names should be allowed to create",
              "timedOut": null,
              "duration": 1759,
              "state": "passed",
              "speed": "fast",
              "pass": true,
              "fail": false,
              "pending": false,
              "context": null,
              "code": "(0, TodoHomePage_1.addTodoTask)(todoName['first']);\n(0, TodoHomePage_1.addTodoTask)(todoName['first']);\n(0, TodoHomePage_1.getTodoCount)().then(function (count) {\n    expect(count).to.be.eq(2);\n});",
              "err": {},
              "uuid": "eeebb1ef-16c7-4d34-a399-0f579616a677",
              "parentUUID": "7c3fc397-1bad-4264-8c7e-6a2461dec1cd",
              "isHook": false,
              "skipped": false
            },
            {
              "title": "Clear Completed only removes To do which marked as Completed",
              "fullTitle": "WL - To do Task Regression Clear Completed only removes To do which marked as Completed",
              "timedOut": null,
              "duration": 1954,
              "state": "passed",
              "speed": "fast",
              "pass": true,
              "fail": false,
              "pending": false,
              "context": null,
              "code": "(0, TodoHomePage_1.addTodoTask)(todoName['first']);\n(0, TodoHomePage_1.addTodoTask)(todoName['second']);\n(0, TodoHomePage_1.getTodoCount)().then(function (count) {\n    expect(count).to.be.eq(2);\n});\n(0, TodoHomePage_1.markToDoTaskAsCompleted)(todoName['first']);\n(0, TodoHomePage_1.clickClearCompleted)();\n(0, TodoHomePage_1.getTodoCount)().then(function (count) {\n    expect(count).to.be.eq(1);\n});",
              "err": {},
              "uuid": "fecb5015-b36c-4f56-9cce-2f395d5a72a2",
              "parentUUID": "7c3fc397-1bad-4264-8c7e-6a2461dec1cd",
              "isHook": false,
              "skipped": false
            },
            {
              "title": "Marking To do task as completed on Active filter should remove from Active filter",
              "fullTitle": "WL - To do Task Regression Marking To do task as completed on Active filter should remove from Active filter",
              "timedOut": null,
              "duration": 2049,
              "state": "passed",
              "speed": "fast",
              "pass": true,
              "fail": false,
              "pending": false,
              "context": null,
              "code": "(0, TodoHomePage_1.addTodoTask)(todoName['first']);\n(0, TodoHomePage_1.addTodoTask)(todoName['second']);\n(0, TodoHomePage_1.clickActiveFilter)();\n(0, TodoHomePage_1.getTodoCount)().then(function (count) {\n    expect(count).to.be.eq(2);\n});\n(0, TodoHomePage_1.markToDoTaskAsCompleted)(todoName['first']);\n(0, TodoHomePage_1.getTodoCount)().then(function (count) {\n    expect(count).to.be.eq(1);\n});\n(0, TodoHomePage_1.clickCompletedFilter)();\n(0, TodoHomePage_1.getTodoCount)().then(function (count) {\n    expect(count).to.be.eq(1);\n});",
              "err": {},
              "uuid": "7129fc8c-a793-46c2-ad88-a818b7115e5d",
              "parentUUID": "7c3fc397-1bad-4264-8c7e-6a2461dec1cd",
              "isHook": false,
              "skipped": false
            },
            {
              "title": "Unchecking To do tasks on Completed filter should remove and add to Active filter",
              "fullTitle": "WL - To do Task Regression Unchecking To do tasks on Completed filter should remove and add to Active filter",
              "timedOut": null,
              "duration": 2516,
              "state": "passed",
              "speed": "fast",
              "pass": true,
              "fail": false,
              "pending": false,
              "context": null,
              "code": "(0, TodoHomePage_1.addTodoTask)(todoName['first']);\n(0, TodoHomePage_1.addTodoTask)(todoName['second']);\n(0, TodoHomePage_1.addTodoTask)(todoName['third']);\n(0, TodoHomePage_1.selectAllTodoTasks)();\n(0, TodoHomePage_1.getTodoCount)().then(function (count) {\n    expect(count).to.be.eq(3);\n});\n(0, TodoHomePage_1.clickCompletedFilter)();\n(0, TodoHomePage_1.getTodoCount)().then(function (count) {\n    expect(count).to.be.eq(3);\n});\n(0, TodoHomePage_1.unselectTodoTask)(todoName['second']);\n(0, TodoHomePage_1.getTodoCount)().then(function (count) {\n    expect(count).to.be.eq(2);\n});\n(0, TodoHomePage_1.clickActiveFilter)();\n(0, TodoHomePage_1.getTodoCount)().then(function (count) {\n    expect(count).to.be.eq(1);\n});\n(0, TodoHomePage_1.validateTodoTask)(todoName['second']);",
              "err": {},
              "uuid": "d084e73b-ea8e-4a46-97d3-5f3d82705e82",
              "parentUUID": "7c3fc397-1bad-4264-8c7e-6a2461dec1cd",
              "isHook": false,
              "skipped": false
            },
            {
              "title": "Special characters when entered are saved as different characters in To do names",
              "fullTitle": "WL - To do Task Regression Special characters when entered are saved as different characters in To do names",
              "timedOut": null,
              "duration": 1404,
              "state": "passed",
              "speed": "fast",
              "pass": true,
              "fail": false,
              "pending": false,
              "context": null,
              "code": "(0, TodoHomePage_1.addTodoTask)(special['input']);\n(0, TodoHomePage_1.getTodoCount)().then(function (count) {\n    expect(count).to.be.eq(1);\n});\n(0, TodoHomePage_1.validateTodoTask)(special['output']).then(function (result) {\n    expect(result).to.be.true;\n});",
              "err": {},
              "uuid": "f6244f91-fdac-4971-af08-6e97c06a6cec",
              "parentUUID": "7c3fc397-1bad-4264-8c7e-6a2461dec1cd",
              "isHook": false,
              "skipped": false
            }
          ],
          "suites": [],
          "passes": [
            "2219c6ce-73c9-4172-85df-f5daa2a1b0d8",
            "80d875de-190b-44d0-9399-c307eb904b53",
            "b75af604-d91f-48e8-b17d-568ddbcf8f68",
            "067aa119-b41b-48b3-ad13-2b845e54c63e",
            "eeebb1ef-16c7-4d34-a399-0f579616a677",
            "fecb5015-b36c-4f56-9cce-2f395d5a72a2",
            "7129fc8c-a793-46c2-ad88-a818b7115e5d",
            "d084e73b-ea8e-4a46-97d3-5f3d82705e82",
            "f6244f91-fdac-4971-af08-6e97c06a6cec"
          ],
          "failures": [],
          "pending": [],
          "skipped": [],
          "duration": 18097,
          "root": false,
          "rootEmpty": false,
          "_timeout": 2000
        }
      ],
      "passes": [],
      "failures": [],
      "pending": [],
      "skipped": [],
      "duration": 0,
      "root": true,
      "rootEmpty": true,
      "_timeout": 2000
    }
  ],
  "meta": {
    "mocha": {
      "version": "7.0.1"
    },
    "mochawesome": {
      "options": {
        "quiet": false,
        "reportFilename": "results",
        "saveHtml": true,
        "saveJson": true,
        "consoleReporter": "spec",
        "useInlineDiffs": false,
        "code": true
      },
      "version": "7.1.3"
    },
    "marge": {
      "options": {
        "charts": true,
        "json": true,
        "reportsDir": "",
        "reportFilename": "results",
        "overwrite": true
      },
      "version": "6.2.0"
    }
  }
}